2024-12-03T01:00:02.721+02:00  WARN 45848 --- [USSD] [HikariPool-1 housekeeper] com.zaxxer.hikari.pool.HikariPool        : HikariPool-1 - Thread starvation or clock leap detected (housekeeper delta=1h1m1s794ms).
2024-12-03T01:55:16.352+02:00  WARN 45848 --- [USSD] [HikariPool-1 housekeeper] com.zaxxer.hikari.pool.HikariPool        : HikariPool-1 - Thread starvation or clock leap detected (housekeeper delta=55m13s630ms).
2024-12-03T02:00:52.996+02:00  WARN 45848 --- [USSD] [HikariPool-1 housekeeper] com.zaxxer.hikari.pool.HikariPool        : HikariPool-1 - Thread starvation or clock leap detected (housekeeper delta=5m36s645ms).
2024-12-03T03:01:57.380+02:00  WARN 45848 --- [USSD] [HikariPool-1 housekeeper] com.zaxxer.hikari.pool.HikariPool        : HikariPool-1 - Thread starvation or clock leap detected (housekeeper delta=1h1m4s122ms).
2024-12-03T03:24:16.592+02:00  WARN 45848 --- [USSD] [HikariPool-1 housekeeper] com.zaxxer.hikari.pool.HikariPool        : HikariPool-1 - Thread starvation or clock leap detected (housekeeper delta=22m18s938ms).
2024-12-03T03:40:16.573+02:00  WARN 45848 --- [USSD] [HikariPool-1 housekeeper] com.zaxxer.hikari.pool.HikariPool        : HikariPool-1 - Thread starvation or clock leap detected (housekeeper delta=15m29s355ms).
2024-12-03T03:55:45.963+02:00  WARN 45848 --- [USSD] [HikariPool-1 housekeeper] com.zaxxer.hikari.pool.HikariPool        : HikariPool-1 - Thread starvation or clock leap detected (housekeeper delta=15m29s391ms).
2024-12-03T04:27:32.869+02:00  WARN 45848 --- [USSD] [HikariPool-1 housekeeper] com.zaxxer.hikari.pool.HikariPool        : HikariPool-1 - Thread starvation or clock leap detected (housekeeper delta=11m10s739ms).
2024-12-03T04:43:02.748+02:00  WARN 45848 --- [USSD] [HikariPool-1 housekeeper] com.zaxxer.hikari.pool.HikariPool        : HikariPool-1 - Thread starvation or clock leap detected (housekeeper delta=15m29s879ms).
2024-12-03T04:56:55.970+02:00  WARN 45848 --- [USSD] [HikariPool-1 housekeeper] com.zaxxer.hikari.pool.HikariPool        : HikariPool-1 - Thread starvation or clock leap detected (housekeeper delta=13m53s222ms).
2024-12-03T05:13:25.879+02:00  WARN 45848 --- [USSD] [HikariPool-1 housekeeper] com.zaxxer.hikari.pool.HikariPool        : HikariPool-1 - Thread starvation or clock leap detected (housekeeper delta=15m29s898ms).
2024-12-03T05:28:55.245+02:00  WARN 45848 --- [USSD] [HikariPool-1 housekeeper] com.zaxxer.hikari.pool.HikariPool        : HikariPool-1 - Thread starvation or clock leap detected (housekeeper delta=15m29s366ms).
2024-12-03T05:59:24.330+02:00  WARN 45848 --- [USSD] [HikariPool-1 housekeeper] com.zaxxer.hikari.pool.HikariPool        : HikariPool-1 - Thread starvation or clock leap detected (housekeeper delta=30m29s85ms).
2024-12-03T06:11:00.181+02:00  WARN 45848 --- [USSD] [HikariPool-1 housekeeper] com.zaxxer.hikari.pool.HikariPool        : HikariPool-1 - Thread starvation or clock leap detected (housekeeper delta=11m35s851ms).
2024-12-03T06:14:37.305+02:00  WARN 45848 --- [USSD] [HikariPool-1 housekeeper] com.zaxxer.hikari.pool.HikariPool        : HikariPool-1 - Thread starvation or clock leap detected (housekeeper delta=3m37s124ms).
2024-12-03T06:16:30.142+02:00  WARN 45848 --- [USSD] [HikariPool-1 housekeeper] com.zaxxer.hikari.pool.HikariPool        : HikariPool-1 - Thread starvation or clock leap detected (housekeeper delta=1m22s820ms).
2024-12-03T06:23:24.954+02:00  WARN 45848 --- [USSD] [HikariPool-1 housekeeper] com.zaxxer.hikari.pool.HikariPool        : HikariPool-1 - Thread starvation or clock leap detected (housekeeper delta=5m24s801ms).
2024-12-03T06:38:54.441+02:00  WARN 45848 --- [USSD] [HikariPool-1 housekeeper] com.zaxxer.hikari.pool.HikariPool        : HikariPool-1 - Thread starvation or clock leap detected (housekeeper delta=15m29s487ms).
2024-12-03T07:09:23.199+02:00  WARN 45848 --- [USSD] [HikariPool-1 housekeeper] com.zaxxer.hikari.pool.HikariPool        : HikariPool-1 - Thread starvation or clock leap detected (housekeeper delta=30m28s758ms).
2024-12-03T07:24:57.638+02:00  WARN 45848 --- [USSD] [HikariPool-1 housekeeper] com.zaxxer.hikari.pool.HikariPool        : HikariPool-1 - Thread starvation or clock leap detected (housekeeper delta=15m34s439ms).
2024-12-03T07:40:26.974+02:00  WARN 45848 --- [USSD] [HikariPool-1 housekeeper] com.zaxxer.hikari.pool.HikariPool        : HikariPool-1 - Thread starvation or clock leap detected (housekeeper delta=15m29s336ms).
2024-12-03T08:11:52.256+02:00  WARN 45848 --- [USSD] [HikariPool-1 housekeeper] com.zaxxer.hikari.pool.HikariPool        : HikariPool-1 - Thread starvation or clock leap detected (housekeeper delta=30m55s263ms).
2024-12-03T08:19:25.833+02:00  WARN 45848 --- [USSD] [HikariPool-1 housekeeper] com.zaxxer.hikari.pool.HikariPool        : HikariPool-1 - Thread starvation or clock leap detected (housekeeper delta=7m3s576ms).
2024-12-03T08:45:37.398+02:00  WARN 45848 --- [USSD] [HikariPool-1 housekeeper] com.zaxxer.hikari.pool.HikariPool        : HikariPool-1 - Thread starvation or clock leap detected (housekeeper delta=26m11s565ms).
2024-12-03T09:15:18.626+02:00  INFO 45848 --- [USSD] [SpringApplicationShutdownHook] o.s.b.w.e.tomcat.GracefulShutdown        : Commencing graceful shutdown. Waiting for active requests to complete
2024-12-03T09:15:18.689+02:00  INFO 45848 --- [USSD] [tomcat-shutdown] o.s.b.w.e.tomcat.GracefulShutdown        : Graceful shutdown complete
2024-12-03T09:15:18.907+02:00  INFO 45848 --- [USSD] [SpringApplicationShutdownHook] j.LocalContainerEntityManagerFactoryBean : Closing JPA EntityManagerFactory for persistence unit 'default'
2024-12-03T09:15:18.943+02:00  INFO 45848 --- [USSD] [SpringApplicationShutdownHook] com.zaxxer.hikari.HikariDataSource       : HikariPool-1 - Shutdown initiated...
2024-12-03T09:15:18.958+02:00  INFO 45848 --- [USSD] [SpringApplicationShutdownHook] com.zaxxer.hikari.HikariDataSource       : HikariPool-1 - Shutdown completed.
2024-12-03T10:24:01.866+02:00  INFO 1777 --- [USSD] [restartedMain] com.example.ussd.UssdApplication         : Starting UssdApplication using Java 23.0.1 with PID 1777 (/Users/kirengasarah/Documents/GitHub/USSD/target/classes started by kirengasarah in /Users/kirengasarah/Documents/GitHub/USSD)
2024-12-03T10:24:01.868+02:00 DEBUG 1777 --- [USSD] [restartedMain] com.example.ussd.UssdApplication         : Running with Spring Boot v3.4.0, Spring v6.2.0
2024-12-03T10:24:01.870+02:00  INFO 1777 --- [USSD] [restartedMain] com.example.ussd.UssdApplication         : No active profile set, falling back to 1 default profile: "default"
2024-12-03T10:24:01.981+02:00  INFO 1777 --- [USSD] [restartedMain] .e.DevToolsPropertyDefaultsPostProcessor : Devtools property defaults active! Set 'spring.devtools.add-properties' to 'false' to disable
2024-12-03T10:24:01.982+02:00  INFO 1777 --- [USSD] [restartedMain] .e.DevToolsPropertyDefaultsPostProcessor : For additional web related logging consider setting the 'logging.level.web' property to 'DEBUG'
2024-12-03T10:24:02.861+02:00  INFO 1777 --- [USSD] [restartedMain] .s.d.r.c.RepositoryConfigurationDelegate : Multiple Spring Data modules found, entering strict repository configuration mode
2024-12-03T10:24:02.864+02:00  INFO 1777 --- [USSD] [restartedMain] .s.d.r.c.RepositoryConfigurationDelegate : Bootstrapping Spring Data JDBC repositories in DEFAULT mode.
2024-12-03T10:24:02.898+02:00  INFO 1777 --- [USSD] [restartedMain] .RepositoryConfigurationExtensionSupport : Spring Data JDBC - Could not safely identify store assignment for repository candidate interface com.example.ussd.repository.SessionDataRepository; If you want this repository to be a JDBC repository, consider annotating your entities with one of these annotations: org.springframework.data.relational.core.mapping.Table.
2024-12-03T10:24:02.899+02:00  INFO 1777 --- [USSD] [restartedMain] .s.d.r.c.RepositoryConfigurationDelegate : Finished Spring Data repository scanning in 27 ms. Found 0 JDBC repository interfaces.
2024-12-03T10:24:02.910+02:00  INFO 1777 --- [USSD] [restartedMain] .s.d.r.c.RepositoryConfigurationDelegate : Multiple Spring Data modules found, entering strict repository configuration mode
2024-12-03T10:24:02.912+02:00  INFO 1777 --- [USSD] [restartedMain] .s.d.r.c.RepositoryConfigurationDelegate : Bootstrapping Spring Data JPA repositories in DEFAULT mode.
2024-12-03T10:24:03.105+02:00  INFO 1777 --- [USSD] [restartedMain] .s.d.r.c.RepositoryConfigurationDelegate : Finished Spring Data repository scanning in 185 ms. Found 1 JPA repository interface.
2024-12-03T10:24:03.132+02:00  INFO 1777 --- [USSD] [restartedMain] .s.d.r.c.RepositoryConfigurationDelegate : Multiple Spring Data modules found, entering strict repository configuration mode
2024-12-03T10:24:03.135+02:00  INFO 1777 --- [USSD] [restartedMain] .s.d.r.c.RepositoryConfigurationDelegate : Bootstrapping Spring Data Redis repositories in DEFAULT mode.
2024-12-03T10:24:03.165+02:00  INFO 1777 --- [USSD] [restartedMain] .RepositoryConfigurationExtensionSupport : Spring Data Redis - Could not safely identify store assignment for repository candidate interface com.example.ussd.repository.SessionDataRepository; If you want this repository to be a Redis repository, consider annotating your entities with one of these annotations: org.springframework.data.redis.core.RedisHash (preferred), or consider extending one of the following types with your repository: org.springframework.data.keyvalue.repository.KeyValueRepository
2024-12-03T10:24:03.166+02:00  INFO 1777 --- [USSD] [restartedMain] .s.d.r.c.RepositoryConfigurationDelegate : Finished Spring Data repository scanning in 5 ms. Found 0 Redis repository interfaces.
2024-12-03T10:24:03.607+02:00  WARN 1777 --- [USSD] [restartedMain] trationDelegate$BeanPostProcessorChecker : Bean 'org.springframework.ws.config.annotation.DelegatingWsConfiguration' of type [org.springframework.ws.config.annotation.DelegatingWsConfiguration$$SpringCGLIB$$0] is not eligible for getting processed by all BeanPostProcessors (for example: not eligible for auto-proxying). The currently created BeanPostProcessor [annotationActionEndpointMapping] is declared through a non-static factory method on that class; consider declaring it as static instead.
2024-12-03T10:24:03.663+02:00  INFO 1777 --- [USSD] [restartedMain] .w.s.a.s.AnnotationActionEndpointMapping : Supporting [WS-Addressing August 2004, WS-Addressing 1.0]
2024-12-03T10:24:03.984+02:00  INFO 1777 --- [USSD] [restartedMain] o.s.b.w.embedded.tomcat.TomcatWebServer  : Tomcat initialized with port 8080 (http)
2024-12-03T10:24:04.000+02:00  INFO 1777 --- [USSD] [restartedMain] o.apache.catalina.core.StandardService   : Starting service [Tomcat]
2024-12-03T10:24:04.000+02:00  INFO 1777 --- [USSD] [restartedMain] o.apache.catalina.core.StandardEngine    : Starting Servlet engine: [Apache Tomcat/10.1.33]
2024-12-03T10:24:04.042+02:00  INFO 1777 --- [USSD] [restartedMain] o.a.c.c.C.[Tomcat].[localhost].[/]       : Initializing Spring embedded WebApplicationContext
2024-12-03T10:24:04.042+02:00  INFO 1777 --- [USSD] [restartedMain] w.s.c.ServletWebServerApplicationContext : Root WebApplicationContext: initialization completed in 2058 ms
2024-12-03T10:24:04.221+02:00  INFO 1777 --- [USSD] [restartedMain] o.hibernate.jpa.internal.util.LogHelper  : HHH000204: Processing PersistenceUnitInfo [name: default]
2024-12-03T10:24:04.308+02:00  INFO 1777 --- [USSD] [restartedMain] org.hibernate.Version                    : HHH000412: Hibernate ORM core version 6.6.2.Final
2024-12-03T10:24:04.344+02:00  INFO 1777 --- [USSD] [restartedMain] o.h.c.internal.RegionFactoryInitiator    : HHH000026: Second-level cache disabled
2024-12-03T10:24:04.653+02:00  INFO 1777 --- [USSD] [restartedMain] o.s.o.j.p.SpringPersistenceUnitInfo      : No LoadTimeWeaver setup: ignoring JPA class transformer
2024-12-03T10:24:04.693+02:00  INFO 1777 --- [USSD] [restartedMain] com.zaxxer.hikari.HikariDataSource       : HikariPool-1 - Starting...
2024-12-03T10:24:05.236+02:00  INFO 1777 --- [USSD] [restartedMain] com.zaxxer.hikari.pool.HikariPool        : HikariPool-1 - Added connection com.mysql.cj.jdbc.ConnectionImpl@7e2dd93c
2024-12-03T10:24:05.237+02:00  INFO 1777 --- [USSD] [restartedMain] com.zaxxer.hikari.HikariDataSource       : HikariPool-1 - Start completed.
2024-12-03T10:24:05.308+02:00  WARN 1777 --- [USSD] [restartedMain] org.hibernate.orm.deprecation            : HHH90000025: MySQLDialect does not need to be specified explicitly using 'hibernate.dialect' (remove the property setting and it will be selected by default)
2024-12-03T10:24:05.326+02:00  INFO 1777 --- [USSD] [restartedMain] org.hibernate.orm.connections.pooling    : HHH10001005: Database info:
	Database JDBC URL [Connecting through datasource 'HikariDataSource (HikariPool-1)']
	Database driver: undefined/unknown
	Database version: 9.1
	Autocommit mode: undefined/unknown
	Isolation level: undefined/unknown
	Minimum pool size: undefined/unknown
	Maximum pool size: undefined/unknown
2024-12-03T10:24:06.327+02:00  INFO 1777 --- [USSD] [restartedMain] o.h.e.t.j.p.i.JtaPlatformInitiator       : HHH000489: No JTA platform available (set 'hibernate.transaction.jta.platform' to enable JTA platform integration)
2024-12-03T10:24:06.385+02:00  INFO 1777 --- [USSD] [restartedMain] j.LocalContainerEntityManagerFactoryBean : Initialized JPA EntityManagerFactory for persistence unit 'default'
2024-12-03T10:24:06.650+02:00  WARN 1777 --- [USSD] [restartedMain] JpaBaseConfiguration$JpaWebConfiguration : spring.jpa.open-in-view is enabled by default. Therefore, database queries may be performed during view rendering. Explicitly configure spring.jpa.open-in-view to disable this warning
2024-12-03T10:24:07.624+02:00  INFO 1777 --- [USSD] [restartedMain] o.s.b.d.a.OptionalLiveReloadServer       : LiveReload server is running on port 35729
2024-12-03T10:24:07.664+02:00  INFO 1777 --- [USSD] [restartedMain] o.s.b.w.embedded.tomcat.TomcatWebServer  : Tomcat started on port 8080 (http) with context path '/'
2024-12-03T10:24:07.673+02:00  INFO 1777 --- [USSD] [restartedMain] com.example.ussd.UssdApplication         : Started UssdApplication in 6.441 seconds (process running for 7.897)
2024-12-03T10:29:31.844+02:00  INFO 1777 --- [USSD] [SpringApplicationShutdownHook] o.s.b.w.e.tomcat.GracefulShutdown        : Commencing graceful shutdown. Waiting for active requests to complete
2024-12-03T10:29:31.860+02:00  INFO 1777 --- [USSD] [tomcat-shutdown] o.s.b.w.e.tomcat.GracefulShutdown        : Graceful shutdown complete
2024-12-03T10:29:31.890+02:00  INFO 1777 --- [USSD] [SpringApplicationShutdownHook] j.LocalContainerEntityManagerFactoryBean : Closing JPA EntityManagerFactory for persistence unit 'default'
2024-12-03T10:29:31.895+02:00  INFO 1777 --- [USSD] [SpringApplicationShutdownHook] com.zaxxer.hikari.HikariDataSource       : HikariPool-1 - Shutdown initiated...
2024-12-03T10:29:31.904+02:00  INFO 1777 --- [USSD] [SpringApplicationShutdownHook] com.zaxxer.hikari.HikariDataSource       : HikariPool-1 - Shutdown completed.
2024-12-03T10:29:34.358+02:00  INFO 1938 --- [USSD] [restartedMain] com.example.ussd.UssdApplication         : Starting UssdApplication using Java 23.0.1 with PID 1938 (/Users/kirengasarah/Documents/GitHub/USSD/target/classes started by kirengasarah in /Users/kirengasarah/Documents/GitHub/USSD)
2024-12-03T10:29:34.359+02:00 DEBUG 1938 --- [USSD] [restartedMain] com.example.ussd.UssdApplication         : Running with Spring Boot v3.4.0, Spring v6.2.0
2024-12-03T10:29:34.360+02:00  INFO 1938 --- [USSD] [restartedMain] com.example.ussd.UssdApplication         : No active profile set, falling back to 1 default profile: "default"
2024-12-03T10:29:34.430+02:00  INFO 1938 --- [USSD] [restartedMain] .e.DevToolsPropertyDefaultsPostProcessor : Devtools property defaults active! Set 'spring.devtools.add-properties' to 'false' to disable
2024-12-03T10:29:34.430+02:00  INFO 1938 --- [USSD] [restartedMain] .e.DevToolsPropertyDefaultsPostProcessor : For additional web related logging consider setting the 'logging.level.web' property to 'DEBUG'
2024-12-03T10:29:35.247+02:00  INFO 1938 --- [USSD] [restartedMain] .s.d.r.c.RepositoryConfigurationDelegate : Multiple Spring Data modules found, entering strict repository configuration mode
2024-12-03T10:29:35.248+02:00  INFO 1938 --- [USSD] [restartedMain] .s.d.r.c.RepositoryConfigurationDelegate : Bootstrapping Spring Data JDBC repositories in DEFAULT mode.
2024-12-03T10:29:35.287+02:00  INFO 1938 --- [USSD] [restartedMain] .RepositoryConfigurationExtensionSupport : Spring Data JDBC - Could not safely identify store assignment for repository candidate interface com.example.ussd.repository.SessionDataRepository; If you want this repository to be a JDBC repository, consider annotating your entities with one of these annotations: org.springframework.data.relational.core.mapping.Table.
2024-12-03T10:29:35.288+02:00  INFO 1938 --- [USSD] [restartedMain] .s.d.r.c.RepositoryConfigurationDelegate : Finished Spring Data repository scanning in 35 ms. Found 0 JDBC repository interfaces.
2024-12-03T10:29:35.301+02:00  INFO 1938 --- [USSD] [restartedMain] .s.d.r.c.RepositoryConfigurationDelegate : Multiple Spring Data modules found, entering strict repository configuration mode
2024-12-03T10:29:35.302+02:00  INFO 1938 --- [USSD] [restartedMain] .s.d.r.c.RepositoryConfigurationDelegate : Bootstrapping Spring Data JPA repositories in DEFAULT mode.
2024-12-03T10:29:35.446+02:00  INFO 1938 --- [USSD] [restartedMain] .s.d.r.c.RepositoryConfigurationDelegate : Finished Spring Data repository scanning in 137 ms. Found 1 JPA repository interface.
2024-12-03T10:29:35.468+02:00  INFO 1938 --- [USSD] [restartedMain] .s.d.r.c.RepositoryConfigurationDelegate : Multiple Spring Data modules found, entering strict repository configuration mode
2024-12-03T10:29:35.469+02:00  INFO 1938 --- [USSD] [restartedMain] .s.d.r.c.RepositoryConfigurationDelegate : Bootstrapping Spring Data Redis repositories in DEFAULT mode.
2024-12-03T10:29:35.485+02:00  INFO 1938 --- [USSD] [restartedMain] .RepositoryConfigurationExtensionSupport : Spring Data Redis - Could not safely identify store assignment for repository candidate interface com.example.ussd.repository.SessionDataRepository; If you want this repository to be a Redis repository, consider annotating your entities with one of these annotations: org.springframework.data.redis.core.RedisHash (preferred), or consider extending one of the following types with your repository: org.springframework.data.keyvalue.repository.KeyValueRepository
2024-12-03T10:29:35.486+02:00  INFO 1938 --- [USSD] [restartedMain] .s.d.r.c.RepositoryConfigurationDelegate : Finished Spring Data repository scanning in 4 ms. Found 0 Redis repository interfaces.
2024-12-03T10:29:35.808+02:00  WARN 1938 --- [USSD] [restartedMain] trationDelegate$BeanPostProcessorChecker : Bean 'org.springframework.ws.config.annotation.DelegatingWsConfiguration' of type [org.springframework.ws.config.annotation.DelegatingWsConfiguration$$SpringCGLIB$$0] is not eligible for getting processed by all BeanPostProcessors (for example: not eligible for auto-proxying). The currently created BeanPostProcessor [annotationActionEndpointMapping] is declared through a non-static factory method on that class; consider declaring it as static instead.
2024-12-03T10:29:35.829+02:00  INFO 1938 --- [USSD] [restartedMain] .w.s.a.s.AnnotationActionEndpointMapping : Supporting [WS-Addressing August 2004, WS-Addressing 1.0]
2024-12-03T10:29:36.104+02:00  INFO 1938 --- [USSD] [restartedMain] o.s.b.w.embedded.tomcat.TomcatWebServer  : Tomcat initialized with port 8080 (http)
2024-12-03T10:29:36.117+02:00  INFO 1938 --- [USSD] [restartedMain] o.apache.catalina.core.StandardService   : Starting service [Tomcat]
2024-12-03T10:29:36.117+02:00  INFO 1938 --- [USSD] [restartedMain] o.apache.catalina.core.StandardEngine    : Starting Servlet engine: [Apache Tomcat/10.1.33]
2024-12-03T10:29:36.153+02:00  INFO 1938 --- [USSD] [restartedMain] o.a.c.c.C.[Tomcat].[localhost].[/]       : Initializing Spring embedded WebApplicationContext
2024-12-03T10:29:36.153+02:00  INFO 1938 --- [USSD] [restartedMain] w.s.c.ServletWebServerApplicationContext : Root WebApplicationContext: initialization completed in 1722 ms
2024-12-03T10:29:36.318+02:00  INFO 1938 --- [USSD] [restartedMain] o.hibernate.jpa.internal.util.LogHelper  : HHH000204: Processing PersistenceUnitInfo [name: default]
2024-12-03T10:29:36.394+02:00  INFO 1938 --- [USSD] [restartedMain] org.hibernate.Version                    : HHH000412: Hibernate ORM core version 6.6.2.Final
2024-12-03T10:29:36.448+02:00  INFO 1938 --- [USSD] [restartedMain] o.h.c.internal.RegionFactoryInitiator    : HHH000026: Second-level cache disabled
2024-12-03T10:29:36.740+02:00  INFO 1938 --- [USSD] [restartedMain] o.s.o.j.p.SpringPersistenceUnitInfo      : No LoadTimeWeaver setup: ignoring JPA class transformer
2024-12-03T10:29:36.770+02:00  INFO 1938 --- [USSD] [restartedMain] com.zaxxer.hikari.HikariDataSource       : HikariPool-1 - Starting...
2024-12-03T10:29:37.238+02:00  INFO 1938 --- [USSD] [restartedMain] com.zaxxer.hikari.pool.HikariPool        : HikariPool-1 - Added connection com.mysql.cj.jdbc.ConnectionImpl@736ec2ec
2024-12-03T10:29:37.240+02:00  INFO 1938 --- [USSD] [restartedMain] com.zaxxer.hikari.HikariDataSource       : HikariPool-1 - Start completed.
2024-12-03T10:29:37.287+02:00  WARN 1938 --- [USSD] [restartedMain] org.hibernate.orm.deprecation            : HHH90000025: MySQLDialect does not need to be specified explicitly using 'hibernate.dialect' (remove the property setting and it will be selected by default)
2024-12-03T10:29:37.304+02:00  INFO 1938 --- [USSD] [restartedMain] org.hibernate.orm.connections.pooling    : HHH10001005: Database info:
	Database JDBC URL [Connecting through datasource 'HikariDataSource (HikariPool-1)']
	Database driver: undefined/unknown
	Database version: 9.1
	Autocommit mode: undefined/unknown
	Isolation level: undefined/unknown
	Minimum pool size: undefined/unknown
	Maximum pool size: undefined/unknown
2024-12-03T10:29:38.148+02:00  INFO 1938 --- [USSD] [restartedMain] o.h.e.t.j.p.i.JtaPlatformInitiator       : HHH000489: No JTA platform available (set 'hibernate.transaction.jta.platform' to enable JTA platform integration)
2024-12-03T10:29:38.191+02:00  INFO 1938 --- [USSD] [restartedMain] j.LocalContainerEntityManagerFactoryBean : Initialized JPA EntityManagerFactory for persistence unit 'default'
2024-12-03T10:29:38.439+02:00  WARN 1938 --- [USSD] [restartedMain] JpaBaseConfiguration$JpaWebConfiguration : spring.jpa.open-in-view is enabled by default. Therefore, database queries may be performed during view rendering. Explicitly configure spring.jpa.open-in-view to disable this warning
2024-12-03T10:29:39.375+02:00  INFO 1938 --- [USSD] [restartedMain] o.s.b.d.a.OptionalLiveReloadServer       : LiveReload server is running on port 35729
2024-12-03T10:29:39.417+02:00  INFO 1938 --- [USSD] [restartedMain] o.s.b.w.embedded.tomcat.TomcatWebServer  : Tomcat started on port 8080 (http) with context path '/'
2024-12-03T10:29:39.427+02:00  INFO 1938 --- [USSD] [restartedMain] com.example.ussd.UssdApplication         : Started UssdApplication in 5.491 seconds (process running for 6.31)
2024-12-03T10:30:13.348+02:00  INFO 1938 --- [USSD] [SpringApplicationShutdownHook] o.s.b.w.e.tomcat.GracefulShutdown        : Commencing graceful shutdown. Waiting for active requests to complete
2024-12-03T10:30:13.359+02:00  INFO 1938 --- [USSD] [tomcat-shutdown] o.s.b.w.e.tomcat.GracefulShutdown        : Graceful shutdown complete
2024-12-03T10:30:13.377+02:00  INFO 1938 --- [USSD] [SpringApplicationShutdownHook] j.LocalContainerEntityManagerFactoryBean : Closing JPA EntityManagerFactory for persistence unit 'default'
2024-12-03T10:30:13.381+02:00  INFO 1938 --- [USSD] [SpringApplicationShutdownHook] com.zaxxer.hikari.HikariDataSource       : HikariPool-1 - Shutdown initiated...
2024-12-03T10:30:13.389+02:00  INFO 1938 --- [USSD] [SpringApplicationShutdownHook] com.zaxxer.hikari.HikariDataSource       : HikariPool-1 - Shutdown completed.
2024-12-03T10:31:56.402+02:00  INFO 738 --- [USSD] [restartedMain] com.example.ussd.UssdApplication         : Starting UssdApplication using Java 23.0.1 with PID 738 (/Users/kirengasarah/Documents/GitHub/USSD/target/classes started by kirengasarah in /Users/kirengasarah/Documents/GitHub/USSD)
2024-12-03T10:31:56.412+02:00 DEBUG 738 --- [USSD] [restartedMain] com.example.ussd.UssdApplication         : Running with Spring Boot v3.4.0, Spring v6.2.0
2024-12-03T10:31:56.413+02:00  INFO 738 --- [USSD] [restartedMain] com.example.ussd.UssdApplication         : No active profile set, falling back to 1 default profile: "default"
2024-12-03T10:31:56.558+02:00  INFO 738 --- [USSD] [restartedMain] .e.DevToolsPropertyDefaultsPostProcessor : Devtools property defaults active! Set 'spring.devtools.add-properties' to 'false' to disable
2024-12-03T10:31:56.559+02:00  INFO 738 --- [USSD] [restartedMain] .e.DevToolsPropertyDefaultsPostProcessor : For additional web related logging consider setting the 'logging.level.web' property to 'DEBUG'
2024-12-03T10:31:57.619+02:00  INFO 738 --- [USSD] [restartedMain] .s.d.r.c.RepositoryConfigurationDelegate : Multiple Spring Data modules found, entering strict repository configuration mode
2024-12-03T10:31:57.622+02:00  INFO 738 --- [USSD] [restartedMain] .s.d.r.c.RepositoryConfigurationDelegate : Bootstrapping Spring Data JDBC repositories in DEFAULT mode.
2024-12-03T10:31:57.675+02:00  INFO 738 --- [USSD] [restartedMain] .RepositoryConfigurationExtensionSupport : Spring Data JDBC - Could not safely identify store assignment for repository candidate interface com.example.ussd.repository.SessionDataRepository; If you want this repository to be a JDBC repository, consider annotating your entities with one of these annotations: org.springframework.data.relational.core.mapping.Table.
2024-12-03T10:31:57.676+02:00  INFO 738 --- [USSD] [restartedMain] .s.d.r.c.RepositoryConfigurationDelegate : Finished Spring Data repository scanning in 44 ms. Found 0 JDBC repository interfaces.
2024-12-03T10:31:57.695+02:00  INFO 738 --- [USSD] [restartedMain] .s.d.r.c.RepositoryConfigurationDelegate : Multiple Spring Data modules found, entering strict repository configuration mode
2024-12-03T10:31:57.697+02:00  INFO 738 --- [USSD] [restartedMain] .s.d.r.c.RepositoryConfigurationDelegate : Bootstrapping Spring Data JPA repositories in DEFAULT mode.
2024-12-03T10:31:57.952+02:00  INFO 738 --- [USSD] [restartedMain] .s.d.r.c.RepositoryConfigurationDelegate : Finished Spring Data repository scanning in 246 ms. Found 1 JPA repository interface.
2024-12-03T10:31:57.988+02:00  INFO 738 --- [USSD] [restartedMain] .s.d.r.c.RepositoryConfigurationDelegate : Multiple Spring Data modules found, entering strict repository configuration mode
2024-12-03T10:31:57.990+02:00  INFO 738 --- [USSD] [restartedMain] .s.d.r.c.RepositoryConfigurationDelegate : Bootstrapping Spring Data Redis repositories in DEFAULT mode.
2024-12-03T10:31:58.021+02:00  INFO 738 --- [USSD] [restartedMain] .RepositoryConfigurationExtensionSupport : Spring Data Redis - Could not safely identify store assignment for repository candidate interface com.example.ussd.repository.SessionDataRepository; If you want this repository to be a Redis repository, consider annotating your entities with one of these annotations: org.springframework.data.redis.core.RedisHash (preferred), or consider extending one of the following types with your repository: org.springframework.data.keyvalue.repository.KeyValueRepository
2024-12-03T10:31:58.021+02:00  INFO 738 --- [USSD] [restartedMain] .s.d.r.c.RepositoryConfigurationDelegate : Finished Spring Data repository scanning in 8 ms. Found 0 Redis repository interfaces.
2024-12-03T10:31:58.456+02:00  WARN 738 --- [USSD] [restartedMain] trationDelegate$BeanPostProcessorChecker : Bean 'org.springframework.ws.config.annotation.DelegatingWsConfiguration' of type [org.springframework.ws.config.annotation.DelegatingWsConfiguration$$SpringCGLIB$$0] is not eligible for getting processed by all BeanPostProcessors (for example: not eligible for auto-proxying). The currently created BeanPostProcessor [annotationActionEndpointMapping] is declared through a non-static factory method on that class; consider declaring it as static instead.
2024-12-03T10:31:58.512+02:00  INFO 738 --- [USSD] [restartedMain] .w.s.a.s.AnnotationActionEndpointMapping : Supporting [WS-Addressing August 2004, WS-Addressing 1.0]
2024-12-03T10:31:58.912+02:00  INFO 738 --- [USSD] [restartedMain] o.s.b.w.embedded.tomcat.TomcatWebServer  : Tomcat initialized with port 8080 (http)
2024-12-03T10:31:58.934+02:00  INFO 738 --- [USSD] [restartedMain] o.apache.catalina.core.StandardService   : Starting service [Tomcat]
2024-12-03T10:31:58.934+02:00  INFO 738 --- [USSD] [restartedMain] o.apache.catalina.core.StandardEngine    : Starting Servlet engine: [Apache Tomcat/10.1.33]
2024-12-03T10:31:58.982+02:00  INFO 738 --- [USSD] [restartedMain] o.a.c.c.C.[Tomcat].[localhost].[/]       : Initializing Spring embedded WebApplicationContext
2024-12-03T10:31:58.983+02:00  INFO 738 --- [USSD] [restartedMain] w.s.c.ServletWebServerApplicationContext : Root WebApplicationContext: initialization completed in 2423 ms
2024-12-03T10:31:59.174+02:00  INFO 738 --- [USSD] [restartedMain] o.hibernate.jpa.internal.util.LogHelper  : HHH000204: Processing PersistenceUnitInfo [name: default]
2024-12-03T10:31:59.282+02:00  INFO 738 --- [USSD] [restartedMain] org.hibernate.Version                    : HHH000412: Hibernate ORM core version 6.6.2.Final
2024-12-03T10:31:59.340+02:00  INFO 738 --- [USSD] [restartedMain] o.h.c.internal.RegionFactoryInitiator    : HHH000026: Second-level cache disabled
2024-12-03T10:31:59.769+02:00  INFO 738 --- [USSD] [restartedMain] o.s.o.j.p.SpringPersistenceUnitInfo      : No LoadTimeWeaver setup: ignoring JPA class transformer
2024-12-03T10:31:59.806+02:00  INFO 738 --- [USSD] [restartedMain] com.zaxxer.hikari.HikariDataSource       : HikariPool-1 - Starting...
2024-12-03T10:32:00.486+02:00  INFO 738 --- [USSD] [restartedMain] com.zaxxer.hikari.pool.HikariPool        : HikariPool-1 - Added connection com.mysql.cj.jdbc.ConnectionImpl@1e52eaba
2024-12-03T10:32:00.488+02:00  INFO 738 --- [USSD] [restartedMain] com.zaxxer.hikari.HikariDataSource       : HikariPool-1 - Start completed.
2024-12-03T10:32:00.572+02:00  WARN 738 --- [USSD] [restartedMain] org.hibernate.orm.deprecation            : HHH90000025: MySQLDialect does not need to be specified explicitly using 'hibernate.dialect' (remove the property setting and it will be selected by default)
2024-12-03T10:32:00.595+02:00  INFO 738 --- [USSD] [restartedMain] org.hibernate.orm.connections.pooling    : HHH10001005: Database info:
	Database JDBC URL [Connecting through datasource 'HikariDataSource (HikariPool-1)']
	Database driver: undefined/unknown
	Database version: 9.1
	Autocommit mode: undefined/unknown
	Isolation level: undefined/unknown
	Minimum pool size: undefined/unknown
	Maximum pool size: undefined/unknown
2024-12-03T10:32:01.585+02:00  INFO 738 --- [USSD] [restartedMain] o.h.e.t.j.p.i.JtaPlatformInitiator       : HHH000489: No JTA platform available (set 'hibernate.transaction.jta.platform' to enable JTA platform integration)
2024-12-03T10:32:01.639+02:00  INFO 738 --- [USSD] [restartedMain] j.LocalContainerEntityManagerFactoryBean : Initialized JPA EntityManagerFactory for persistence unit 'default'
2024-12-03T10:32:01.906+02:00  WARN 738 --- [USSD] [restartedMain] JpaBaseConfiguration$JpaWebConfiguration : spring.jpa.open-in-view is enabled by default. Therefore, database queries may be performed during view rendering. Explicitly configure spring.jpa.open-in-view to disable this warning
2024-12-03T10:32:02.755+02:00  INFO 738 --- [USSD] [restartedMain] o.s.b.d.a.OptionalLiveReloadServer       : LiveReload server is running on port 35729
2024-12-03T10:32:02.796+02:00  INFO 738 --- [USSD] [restartedMain] o.s.b.w.embedded.tomcat.TomcatWebServer  : Tomcat started on port 8080 (http) with context path '/'
2024-12-03T10:32:02.804+02:00  INFO 738 --- [USSD] [restartedMain] com.example.ussd.UssdApplication         : Started UssdApplication in 7.075 seconds (process running for 8.294)
2024-12-03T10:33:16.044+02:00  INFO 738 --- [USSD] [http-nio-8080-exec-1] o.a.c.c.C.[Tomcat].[localhost].[/]       : Initializing Spring DispatcherServlet 'dispatcherServlet'
2024-12-03T10:33:16.045+02:00  INFO 738 --- [USSD] [http-nio-8080-exec-1] o.s.web.servlet.DispatcherServlet        : Initializing Servlet 'dispatcherServlet'
2024-12-03T10:33:16.047+02:00  INFO 738 --- [USSD] [http-nio-8080-exec-1] o.s.web.servlet.DispatcherServlet        : Completed initialization in 2 ms
2024-12-03T10:33:16.088+02:00  WARN 738 --- [USSD] [http-nio-8080-exec-1] .w.s.m.s.DefaultHandlerExceptionResolver : Resolved [org.springframework.http.converter.HttpMessageNotReadableException: Required request body is missing: public java.util.List<java.lang.String> com.example.ussd.controller.UssdController.getMainMenu(java.util.Map<java.lang.String, java.lang.String>)]
2024-12-03T10:41:54.747+02:00  INFO 738 --- [USSD] [SpringApplicationShutdownHook] o.s.b.w.e.tomcat.GracefulShutdown        : Commencing graceful shutdown. Waiting for active requests to complete
2024-12-03T10:41:54.757+02:00  INFO 738 --- [USSD] [tomcat-shutdown] o.s.b.w.e.tomcat.GracefulShutdown        : Graceful shutdown complete
2024-12-03T10:41:54.777+02:00  INFO 738 --- [USSD] [SpringApplicationShutdownHook] j.LocalContainerEntityManagerFactoryBean : Closing JPA EntityManagerFactory for persistence unit 'default'
2024-12-03T10:41:54.780+02:00  INFO 738 --- [USSD] [SpringApplicationShutdownHook] com.zaxxer.hikari.HikariDataSource       : HikariPool-1 - Shutdown initiated...
2024-12-03T10:41:54.786+02:00  INFO 738 --- [USSD] [SpringApplicationShutdownHook] com.zaxxer.hikari.HikariDataSource       : HikariPool-1 - Shutdown completed.
2024-12-03T10:46:23.324+02:00  INFO 856 --- [USSD] [restartedMain] com.example.ussd.UssdApplication         : Starting UssdApplication using Java 23.0.1 with PID 856 (/Users/kirengasarah/Documents/GitHub/USSD/target/classes started by kirengasarah in /Users/kirengasarah/Documents/GitHub/USSD)
2024-12-03T10:46:23.326+02:00 DEBUG 856 --- [USSD] [restartedMain] com.example.ussd.UssdApplication         : Running with Spring Boot v3.4.0, Spring v6.2.0
2024-12-03T10:46:23.327+02:00  INFO 856 --- [USSD] [restartedMain] com.example.ussd.UssdApplication         : No active profile set, falling back to 1 default profile: "default"
2024-12-03T10:46:23.420+02:00  INFO 856 --- [USSD] [restartedMain] .e.DevToolsPropertyDefaultsPostProcessor : Devtools property defaults active! Set 'spring.devtools.add-properties' to 'false' to disable
2024-12-03T10:46:23.420+02:00  INFO 856 --- [USSD] [restartedMain] .e.DevToolsPropertyDefaultsPostProcessor : For additional web related logging consider setting the 'logging.level.web' property to 'DEBUG'
2024-12-03T10:46:24.993+02:00  INFO 856 --- [USSD] [restartedMain] .s.d.r.c.RepositoryConfigurationDelegate : Multiple Spring Data modules found, entering strict repository configuration mode
2024-12-03T10:46:24.995+02:00  INFO 856 --- [USSD] [restartedMain] .s.d.r.c.RepositoryConfigurationDelegate : Bootstrapping Spring Data JDBC repositories in DEFAULT mode.
2024-12-03T10:46:25.038+02:00  INFO 856 --- [USSD] [restartedMain] .RepositoryConfigurationExtensionSupport : Spring Data JDBC - Could not safely identify store assignment for repository candidate interface com.example.ussd.repository.SessionDataRepository; If you want this repository to be a JDBC repository, consider annotating your entities with one of these annotations: org.springframework.data.relational.core.mapping.Table.
2024-12-03T10:46:25.039+02:00  INFO 856 --- [USSD] [restartedMain] .s.d.r.c.RepositoryConfigurationDelegate : Finished Spring Data repository scanning in 36 ms. Found 0 JDBC repository interfaces.
2024-12-03T10:46:25.061+02:00  INFO 856 --- [USSD] [restartedMain] .s.d.r.c.RepositoryConfigurationDelegate : Multiple Spring Data modules found, entering strict repository configuration mode
2024-12-03T10:46:25.063+02:00  INFO 856 --- [USSD] [restartedMain] .s.d.r.c.RepositoryConfigurationDelegate : Bootstrapping Spring Data JPA repositories in DEFAULT mode.
2024-12-03T10:46:25.279+02:00  INFO 856 --- [USSD] [restartedMain] .s.d.r.c.RepositoryConfigurationDelegate : Finished Spring Data repository scanning in 208 ms. Found 1 JPA repository interface.
2024-12-03T10:46:25.310+02:00  INFO 856 --- [USSD] [restartedMain] .s.d.r.c.RepositoryConfigurationDelegate : Multiple Spring Data modules found, entering strict repository configuration mode
2024-12-03T10:46:25.312+02:00  INFO 856 --- [USSD] [restartedMain] .s.d.r.c.RepositoryConfigurationDelegate : Bootstrapping Spring Data Redis repositories in DEFAULT mode.
2024-12-03T10:46:25.356+02:00  INFO 856 --- [USSD] [restartedMain] .RepositoryConfigurationExtensionSupport : Spring Data Redis - Could not safely identify store assignment for repository candidate interface com.example.ussd.repository.SessionDataRepository; If you want this repository to be a Redis repository, consider annotating your entities with one of these annotations: org.springframework.data.redis.core.RedisHash (preferred), or consider extending one of the following types with your repository: org.springframework.data.keyvalue.repository.KeyValueRepository
2024-12-03T10:46:25.357+02:00  INFO 856 --- [USSD] [restartedMain] .s.d.r.c.RepositoryConfigurationDelegate : Finished Spring Data repository scanning in 6 ms. Found 0 Redis repository interfaces.
2024-12-03T10:46:25.897+02:00  WARN 856 --- [USSD] [restartedMain] trationDelegate$BeanPostProcessorChecker : Bean 'org.springframework.ws.config.annotation.DelegatingWsConfiguration' of type [org.springframework.ws.config.annotation.DelegatingWsConfiguration$$SpringCGLIB$$0] is not eligible for getting processed by all BeanPostProcessors (for example: not eligible for auto-proxying). The currently created BeanPostProcessor [annotationActionEndpointMapping] is declared through a non-static factory method on that class; consider declaring it as static instead.
2024-12-03T10:46:25.951+02:00  INFO 856 --- [USSD] [restartedMain] .w.s.a.s.AnnotationActionEndpointMapping : Supporting [WS-Addressing August 2004, WS-Addressing 1.0]
2024-12-03T10:46:26.343+02:00  INFO 856 --- [USSD] [restartedMain] o.s.b.w.embedded.tomcat.TomcatWebServer  : Tomcat initialized with port 8080 (http)
2024-12-03T10:46:26.362+02:00  INFO 856 --- [USSD] [restartedMain] o.apache.catalina.core.StandardService   : Starting service [Tomcat]
2024-12-03T10:46:26.363+02:00  INFO 856 --- [USSD] [restartedMain] o.apache.catalina.core.StandardEngine    : Starting Servlet engine: [Apache Tomcat/10.1.33]
2024-12-03T10:46:26.413+02:00  INFO 856 --- [USSD] [restartedMain] o.a.c.c.C.[Tomcat].[localhost].[/]       : Initializing Spring embedded WebApplicationContext
2024-12-03T10:46:26.414+02:00  INFO 856 --- [USSD] [restartedMain] w.s.c.ServletWebServerApplicationContext : Root WebApplicationContext: initialization completed in 2993 ms
2024-12-03T10:46:26.630+02:00  INFO 856 --- [USSD] [restartedMain] o.hibernate.jpa.internal.util.LogHelper  : HHH000204: Processing PersistenceUnitInfo [name: default]
2024-12-03T10:46:26.733+02:00  INFO 856 --- [USSD] [restartedMain] org.hibernate.Version                    : HHH000412: Hibernate ORM core version 6.6.2.Final
2024-12-03T10:46:26.777+02:00  INFO 856 --- [USSD] [restartedMain] o.h.c.internal.RegionFactoryInitiator    : HHH000026: Second-level cache disabled
2024-12-03T10:46:27.218+02:00  INFO 856 --- [USSD] [restartedMain] o.s.o.j.p.SpringPersistenceUnitInfo      : No LoadTimeWeaver setup: ignoring JPA class transformer
2024-12-03T10:46:27.257+02:00  INFO 856 --- [USSD] [restartedMain] com.zaxxer.hikari.HikariDataSource       : HikariPool-1 - Starting...
2024-12-03T10:46:27.796+02:00  INFO 856 --- [USSD] [restartedMain] com.zaxxer.hikari.pool.HikariPool        : HikariPool-1 - Added connection com.mysql.cj.jdbc.ConnectionImpl@28954410
2024-12-03T10:46:27.798+02:00  INFO 856 --- [USSD] [restartedMain] com.zaxxer.hikari.HikariDataSource       : HikariPool-1 - Start completed.
2024-12-03T10:46:27.861+02:00  WARN 856 --- [USSD] [restartedMain] org.hibernate.orm.deprecation            : HHH90000025: MySQLDialect does not need to be specified explicitly using 'hibernate.dialect' (remove the property setting and it will be selected by default)
2024-12-03T10:46:27.879+02:00  INFO 856 --- [USSD] [restartedMain] org.hibernate.orm.connections.pooling    : HHH10001005: Database info:
	Database JDBC URL [Connecting through datasource 'HikariDataSource (HikariPool-1)']
	Database driver: undefined/unknown
	Database version: 9.1
	Autocommit mode: undefined/unknown
	Isolation level: undefined/unknown
	Minimum pool size: undefined/unknown
	Maximum pool size: undefined/unknown
2024-12-03T10:46:28.790+02:00  INFO 856 --- [USSD] [restartedMain] o.h.e.t.j.p.i.JtaPlatformInitiator       : HHH000489: No JTA platform available (set 'hibernate.transaction.jta.platform' to enable JTA platform integration)
2024-12-03T10:46:28.856+02:00  INFO 856 --- [USSD] [restartedMain] j.LocalContainerEntityManagerFactoryBean : Initialized JPA EntityManagerFactory for persistence unit 'default'
2024-12-03T10:46:29.118+02:00  WARN 856 --- [USSD] [restartedMain] JpaBaseConfiguration$JpaWebConfiguration : spring.jpa.open-in-view is enabled by default. Therefore, database queries may be performed during view rendering. Explicitly configure spring.jpa.open-in-view to disable this warning
2024-12-03T10:46:29.906+02:00  INFO 856 --- [USSD] [restartedMain] o.s.b.d.a.OptionalLiveReloadServer       : LiveReload server is running on port 35729
2024-12-03T10:46:29.943+02:00  INFO 856 --- [USSD] [restartedMain] o.s.b.w.embedded.tomcat.TomcatWebServer  : Tomcat started on port 8080 (http) with context path '/'
2024-12-03T10:46:29.951+02:00  INFO 856 --- [USSD] [restartedMain] com.example.ussd.UssdApplication         : Started UssdApplication in 7.617 seconds (process running for 9.091)
2024-12-03T10:48:45.159+02:00  INFO 856 --- [USSD] [http-nio-8080-exec-2] o.a.c.c.C.[Tomcat].[localhost].[/]       : Initializing Spring DispatcherServlet 'dispatcherServlet'
2024-12-03T10:48:45.159+02:00  INFO 856 --- [USSD] [http-nio-8080-exec-2] o.s.web.servlet.DispatcherServlet        : Initializing Servlet 'dispatcherServlet'
2024-12-03T10:48:45.160+02:00  INFO 856 --- [USSD] [http-nio-8080-exec-2] o.s.web.servlet.DispatcherServlet        : Completed initialization in 1 ms
